[debug] [2020-09-20T08:29:06.955Z] ----------------------------------------------------------------------
[debug] [2020-09-20T08:29:06.963Z] Command:       C:\Program Files\nodejs\node.exe C:\Users\Muhammad Tariq\AppData\Roaming\npm\node_modules\firebase-tools\lib\bin\firebase.js emulators:start
[debug] [2020-09-20T08:29:06.964Z] CLI Version:   8.10.0
[debug] [2020-09-20T08:29:06.965Z] Platform:      win32
[debug] [2020-09-20T08:29:06.965Z] Node Version:  v12.18.3
[debug] [2020-09-20T08:29:06.969Z] Time:          Sun Sep 20 2020 13:29:06 GMT+0500 (Pakistan Standard Time)
[debug] [2020-09-20T08:29:06.969Z] ----------------------------------------------------------------------
[debug] [2020-09-20T08:29:06.970Z] 
[debug] [2020-09-20T08:29:07.059Z] > command requires scopes: ["email","openid","https://www.googleapis.com/auth/cloudplatformprojects.readonly","https://www.googleapis.com/auth/firebase","https://www.googleapis.com/auth/cloud-platform"]
[debug] [2020-09-20T08:29:07.061Z] > authorizing via signed-in user
[info] i  emulators: Starting emulators: functions, hosting {"metadata":{"emulator":{"name":"hub"},"message":"Starting emulators: functions, hosting"}}
[debug] [2020-09-20T08:29:09.268Z] [hub] writing locator at C:\Users\MUHAMM~1\AppData\Local\Temp\hub-fir-b5c03.json
[warn] !  functions: The following emulators are not running, calls to these services from the Functions emulator will affect production: firestore, database, pubsub {"metadata":{"emulator":{"name":"functions"},"message":"The following emulators are not running, calls to these services from the Functions emulator will affect production: \u001b[1mfirestore, database, pubsub\u001b[22m"}}
[warn] !  Your requested "node" version "10" doesn't match your global version "12" {"metadata":{"emulator":{"name":"functions"},"message":"Your requested \"node\" version \"10\" doesn't match your global version \"12\""}}
[debug] [2020-09-20T08:29:11.390Z] defaultcredentials: writing to file C:\Users\Muhammad Tariq\AppData\Roaming\firebase\tariqraziq123_gmail_com_application_default_credentials.json
[debug] [2020-09-20T08:29:11.402Z] Setting GAC to C:\Users\Muhammad Tariq\AppData\Roaming\firebase\tariqraziq123_gmail_com_application_default_credentials.json {"metadata":{"emulator":{"name":"functions"},"message":"Setting GAC to C:\\Users\\Muhammad Tariq\\AppData\\Roaming\\firebase\\tariqraziq123_gmail_com_application_default_credentials.json"}}
[debug] [2020-09-20T08:29:13.465Z] > refreshing access token with scopes: ["email","https://www.googleapis.com/auth/cloud-platform","https://www.googleapis.com/auth/cloudplatformprojects.readonly","https://www.googleapis.com/auth/firebase","openid"]
[debug] [2020-09-20T08:29:13.466Z] >>> HTTP REQUEST POST https://www.googleapis.com/oauth2/v3/token  
 <request body omitted>
[debug] [2020-09-20T08:29:14.182Z] <<< HTTP RESPONSE 200 {"content-type":"application/json; charset=utf-8","vary":"X-Origin, Referer, Origin,Accept-Encoding","date":"Sun, 20 Sep 2020 08:29:12 GMT","server":"scaffolding on HTTPServer2","cache-control":"private","x-xss-protection":"0","x-frame-options":"SAMEORIGIN","x-content-type-options":"nosniff","alt-svc":"h3-Q050=\":443\"; ma=2592000,h3-29=\":443\"; ma=2592000,h3-27=\":443\"; ma=2592000,h3-T051=\":443\"; ma=2592000,h3-T050=\":443\"; ma=2592000,h3-Q046=\":443\"; ma=2592000,h3-Q043=\":443\"; ma=2592000,quic=\":443\"; ma=2592000; v=\"46,43\"","accept-ranges":"none","transfer-encoding":"chunked"}
[debug] [2020-09-20T08:29:14.229Z] >>> HTTP REQUEST GET https://firebase.googleapis.com/v1beta1/projects/fir-b5c03/webApps/-/config  
 
[debug] [2020-09-20T08:29:16.035Z] <<< HTTP RESPONSE 200 {"content-type":"application/json; charset=UTF-8","vary":"X-Origin, Referer, Origin,Accept-Encoding","date":"Sun, 20 Sep 2020 08:29:13 GMT","server":"ESF","cache-control":"private","x-xss-protection":"0","x-frame-options":"SAMEORIGIN","x-content-type-options":"nosniff","alt-svc":"h3-Q050=\":443\"; ma=2592000,h3-29=\":443\"; ma=2592000,h3-27=\":443\"; ma=2592000,h3-T051=\":443\"; ma=2592000,h3-T050=\":443\"; ma=2592000,h3-Q046=\":443\"; ma=2592000,h3-Q043=\":443\"; ma=2592000,quic=\":443\"; ma=2592000; v=\"46,43\"","accept-ranges":"none","transfer-encoding":"chunked"}
[info] i  hosting: Serving hosting files from: build {"metadata":{"emulator":{"name":"hosting"},"message":"Serving hosting files from: \u001b[1mbuild\u001b[22m"}}
[info] +  hosting: Local server: http://localhost:5000 {"metadata":{"emulator":{"name":"hosting"},"message":"Local server: \u001b[4m\u001b[1mhttp://localhost:5000\u001b[22m\u001b[24m"}}
[debug] [2020-09-20T08:29:20.363Z] Ignoring unsupported arg: auto_download {"metadata":{"emulator":{"name":"ui"},"message":"Ignoring unsupported arg: auto_download"}}
[debug] [2020-09-20T08:29:20.364Z] Ignoring unsupported arg: port {"metadata":{"emulator":{"name":"ui"},"message":"Ignoring unsupported arg: port"}}
[debug] [2020-09-20T08:29:20.364Z] Starting Emulator UI with command {"binary":"node","args":["C:\\Users\\Muhammad Tariq\\.cache\\firebase\\emulators\\ui-v1.1.1\\server.bundle.js"],"optionalArgs":[],"joinArgs":false} {"metadata":{"emulator":{"name":"ui"},"message":"Starting Emulator UI with command {\"binary\":\"node\",\"args\":[\"C:\\\\Users\\\\Muhammad Tariq\\\\.cache\\\\firebase\\\\emulators\\\\ui-v1.1.1\\\\server.bundle.js\"],\"optionalArgs\":[],\"joinArgs\":false}"}}
[info] i  ui: Emulator UI logging to ui-debug.log {"metadata":{"emulator":{"name":"ui"},"message":"Emulator UI logging to \u001b[1mui-debug.log\u001b[22m"}}
[debug] [2020-09-20T08:29:20.759Z] Web / API server started at http://localhost:4000
 {"metadata":{"emulator":{"name":"ui"},"message":"Web / API server started at http://localhost:4000\n"}}
[info] i  functions: Watching "E:\REACT\Amazon Cloninng Project\amazon-clone\functions" for Cloud Functions... {"metadata":{"emulator":{"name":"functions"},"message":"Watching \"E:\\REACT\\Amazon Cloninng Project\\amazon-clone\\functions\" for Cloud Functions..."}}
[debug] [2020-09-20T08:29:20.958Z] [worker-pool] addWorker(~diagnostic~) {"metadata":{"emulator":{"name":"functions"},"message":"[worker-pool] addWorker(~diagnostic~)"}}
[debug] [2020-09-20T08:29:20.960Z] [worker-pool] Adding worker with key ~diagnostic~, total=1 {"metadata":{"emulator":{"name":"functions"},"message":"[worker-pool] Adding worker with key ~diagnostic~, total=1"}}
[debug] [2020-09-20T08:29:20.962Z] [worker-pool] submitWork(triggerId=) {"metadata":{"emulator":{"name":"functions"},"message":"[worker-pool] submitWork(triggerId=)"}}
[debug] [2020-09-20T08:29:20.965Z] [worker-~diagnostic~-66aada33-7203-4156-bb72-47aaf9ef0e37]: Assigning socketPath: \\?\pipe\E:\REACT\Amazon Cloninng Project\amazon-clone\functions\7644 {"metadata":{"emulator":{"name":"functions"},"message":"[worker-~diagnostic~-66aada33-7203-4156-bb72-47aaf9ef0e37]: Assigning socketPath: \\\\?\\pipe\\E:\\REACT\\Amazon Cloninng Project\\amazon-clone\\functions\\7644"}}
[debug] [2020-09-20T08:29:20.968Z] [worker-~diagnostic~-66aada33-7203-4156-bb72-47aaf9ef0e37]: BUSY {"metadata":{"emulator":{"name":"functions"},"message":"[worker-~diagnostic~-66aada33-7203-4156-bb72-47aaf9ef0e37]: BUSY"}}
[debug] [2020-09-20T08:29:21.700Z] [runtime-status] [7644] Functions runtime initialized. {"cwd":"E:\\REACT\\Amazon Cloninng Project\\amazon-clone\\functions","node_version":"12.18.3"} {"metadata":{"emulator":{"name":"functions"},"message":"[runtime-status] [7644] Functions runtime initialized. {\"cwd\":\"E:\\\\REACT\\\\Amazon Cloninng Project\\\\amazon-clone\\\\functions\",\"node_version\":\"12.18.3\"}"}}
[debug] [2020-09-20T08:29:21.706Z] [runtime-status] [7644] Disabled runtime features: undefined {"metadata":{"emulator":{"name":"functions"},"message":"[runtime-status] [7644] Disabled runtime features: undefined"}}
[debug] [2020-09-20T08:29:21.711Z] [runtime-status] [7644] Resolved module firebase-admin {"declared":true,"installed":true,"version":"8.13.0","resolution":"E:\\REACT\\Amazon Cloninng Project\\amazon-clone\\functions\\node_modules\\firebase-admin\\lib\\index.js"} {"metadata":{"emulator":{"name":"functions"},"message":"[runtime-status] [7644] Resolved module firebase-admin {\"declared\":true,\"installed\":true,\"version\":\"8.13.0\",\"resolution\":\"E:\\\\REACT\\\\Amazon Cloninng Project\\\\amazon-clone\\\\functions\\\\node_modules\\\\firebase-admin\\\\lib\\\\index.js\"}"}}
[debug] [2020-09-20T08:29:21.735Z] [runtime-status] [7644] Resolved module firebase-functions {"declared":true,"installed":true,"version":"3.11.0","resolution":"E:\\REACT\\Amazon Cloninng Project\\amazon-clone\\functions\\node_modules\\firebase-functions\\lib\\index.js"} {"metadata":{"emulator":{"name":"functions"},"message":"[runtime-status] [7644] Resolved module firebase-functions {\"declared\":true,\"installed\":true,\"version\":\"3.11.0\",\"resolution\":\"E:\\\\REACT\\\\Amazon Cloninng Project\\\\amazon-clone\\\\functions\\\\node_modules\\\\firebase-functions\\\\lib\\\\index.js\"}"}}
[debug] [2020-09-20T08:29:21.737Z] [runtime-status] [7644] Resolved module firebase-functions {"declared":true,"installed":true,"version":"3.11.0","resolution":"E:\\REACT\\Amazon Cloninng Project\\amazon-clone\\functions\\node_modules\\firebase-functions\\lib\\index.js"} {"metadata":{"emulator":{"name":"functions"},"message":"[runtime-status] [7644] Resolved module firebase-functions {\"declared\":true,\"installed\":true,\"version\":\"3.11.0\",\"resolution\":\"E:\\\\REACT\\\\Amazon Cloninng Project\\\\amazon-clone\\\\functions\\\\node_modules\\\\firebase-functions\\\\lib\\\\index.js\"}"}}
[debug] [2020-09-20T08:29:21.739Z] [runtime-status] [7644] Outgoing network have been stubbed. [{"name":"http","status":"mocked"},{"name":"http","status":"mocked"},{"name":"https","status":"mocked"},{"name":"https","status":"mocked"},{"name":"net","status":"mocked"}] {"metadata":{"emulator":{"name":"functions"},"message":"[runtime-status] [7644] Outgoing network have been stubbed. [{\"name\":\"http\",\"status\":\"mocked\"},{\"name\":\"http\",\"status\":\"mocked\"},{\"name\":\"https\",\"status\":\"mocked\"},{\"name\":\"https\",\"status\":\"mocked\"},{\"name\":\"net\",\"status\":\"mocked\"}]"}}
[debug] [2020-09-20T08:29:21.739Z] [runtime-status] [7644] Resolved module firebase-functions {"declared":true,"installed":true,"version":"3.11.0","resolution":"E:\\REACT\\Amazon Cloninng Project\\amazon-clone\\functions\\node_modules\\firebase-functions\\lib\\index.js"} {"metadata":{"emulator":{"name":"functions"},"message":"[runtime-status] [7644] Resolved module firebase-functions {\"declared\":true,\"installed\":true,\"version\":\"3.11.0\",\"resolution\":\"E:\\\\REACT\\\\Amazon Cloninng Project\\\\amazon-clone\\\\functions\\\\node_modules\\\\firebase-functions\\\\lib\\\\index.js\"}"}}
[debug] [2020-09-20T08:29:22.376Z] [runtime-status] [7644] Checked functions.config() {"config":{}} {"metadata":{"emulator":{"name":"functions"},"message":"[runtime-status] [7644] Checked functions.config() {\"config\":{}}"}}
[debug] [2020-09-20T08:29:22.413Z] [runtime-status] [7644] firebase-functions has been stubbed. {"functionsResolution":{"declared":true,"installed":true,"version":"3.11.0","resolution":"E:\\REACT\\Amazon Cloninng Project\\amazon-clone\\functions\\node_modules\\firebase-functions\\lib\\index.js"}} {"metadata":{"emulator":{"name":"functions"},"message":"[runtime-status] [7644] firebase-functions has been stubbed. {\"functionsResolution\":{\"declared\":true,\"installed\":true,\"version\":\"3.11.0\",\"resolution\":\"E:\\\\REACT\\\\Amazon Cloninng Project\\\\amazon-clone\\\\functions\\\\node_modules\\\\firebase-functions\\\\lib\\\\index.js\"}}"}}
[debug] [2020-09-20T08:29:22.415Z] [runtime-status] [7644] Resolved module firebase-functions {"declared":true,"installed":true,"version":"3.11.0","resolution":"E:\\REACT\\Amazon Cloninng Project\\amazon-clone\\functions\\node_modules\\firebase-functions\\lib\\index.js"} {"metadata":{"emulator":{"name":"functions"},"message":"[runtime-status] [7644] Resolved module firebase-functions {\"declared\":true,\"installed\":true,\"version\":\"3.11.0\",\"resolution\":\"E:\\\\REACT\\\\Amazon Cloninng Project\\\\amazon-clone\\\\functions\\\\node_modules\\\\firebase-functions\\\\lib\\\\index.js\"}"}}
[debug] [2020-09-20T08:29:22.417Z] [runtime-status] [7644] Resolved module firebase-admin {"declared":true,"installed":true,"version":"8.13.0","resolution":"E:\\REACT\\Amazon Cloninng Project\\amazon-clone\\functions\\node_modules\\firebase-admin\\lib\\index.js"} {"metadata":{"emulator":{"name":"functions"},"message":"[runtime-status] [7644] Resolved module firebase-admin {\"declared\":true,\"installed\":true,\"version\":\"8.13.0\",\"resolution\":\"E:\\\\REACT\\\\Amazon Cloninng Project\\\\amazon-clone\\\\functions\\\\node_modules\\\\firebase-admin\\\\lib\\\\index.js\"}"}}
[debug] [2020-09-20T08:29:22.441Z] [runtime-status] [7644] Resolved module firebase-functions {"declared":true,"installed":true,"version":"3.11.0","resolution":"E:\\REACT\\Amazon Cloninng Project\\amazon-clone\\functions\\node_modules\\firebase-functions\\lib\\index.js"} {"metadata":{"emulator":{"name":"functions"},"message":"[runtime-status] [7644] Resolved module firebase-functions {\"declared\":true,\"installed\":true,\"version\":\"3.11.0\",\"resolution\":\"E:\\\\REACT\\\\Amazon Cloninng Project\\\\amazon-clone\\\\functions\\\\node_modules\\\\firebase-functions\\\\lib\\\\index.js\"}"}}
[debug] [2020-09-20T08:29:22.443Z] [runtime-status] [7644] firebase-admin has been stubbed. {"adminResolution":{"declared":true,"installed":true,"version":"8.13.0","resolution":"E:\\REACT\\Amazon Cloninng Project\\amazon-clone\\functions\\node_modules\\firebase-admin\\lib\\index.js"}} {"metadata":{"emulator":{"name":"functions"},"message":"[runtime-status] [7644] firebase-admin has been stubbed. {\"adminResolution\":{\"declared\":true,\"installed\":true,\"version\":\"8.13.0\",\"resolution\":\"E:\\\\REACT\\\\Amazon Cloninng Project\\\\amazon-clone\\\\functions\\\\node_modules\\\\firebase-admin\\\\lib\\\\index.js\"}}"}}
[info] +  functions[api]: http function initialized (http://localhost:5001/fir-b5c03/us-central1/api). {"metadata":{"emulator":{"name":"functions"},"message":"\u001b[1mhttp\u001b[22m function initialized (http://localhost:5001/fir-b5c03/us-central1/api)."}}
[info] 
┌───────────────────────────────────────────────────────────────────────┐
│ ✔  All emulators ready! View status and logs at http://localhost:4000 │
└───────────────────────────────────────────────────────────────────────┘

┌───────────┬────────────────┬─────────────────────────────────┐
│ Emulator  │ Host:Port      │ View in Emulator UI             │
├───────────┼────────────────┼─────────────────────────────────┤
│ Functions │ localhost:5001 │ http://localhost:4000/functions │
├───────────┼────────────────┼─────────────────────────────────┤
│ Hosting   │ localhost:5000 │ n/a                             │
└───────────┴────────────────┴─────────────────────────────────┘
  Other reserved ports: 4400, 4500

Issues? Report them at https://github.com/firebase/firebase-tools/issues and attach the *-debug.log files.
 
[debug] [2020-09-20T08:29:24.763Z] [worker-~diagnostic~-66aada33-7203-4156-bb72-47aaf9ef0e37]: IDLE {"metadata":{"emulator":{"name":"functions"},"message":"[worker-~diagnostic~-66aada33-7203-4156-bb72-47aaf9ef0e37]: IDLE"}}
[debug] [2020-09-20T08:30:35.058Z] [work-queue] {"queueLength":1,"workRunningCount":0}
[debug] [2020-09-20T08:30:35.059Z] [work-queue] {"queueLength":0,"workRunningCount":1}
[debug] [2020-09-20T08:30:35.060Z] Accepted request POST /fir-b5c03/us-central1/api/payments/create?total=1199 --> api
[debug] [2020-09-20T08:30:35.072Z] [worker-pool] addWorker(api) {"metadata":{"emulator":{"name":"functions"},"message":"[worker-pool] addWorker(api)"}}
[debug] [2020-09-20T08:30:35.073Z] [worker-pool] Adding worker with key api, total=1 {"metadata":{"emulator":{"name":"functions"},"message":"[worker-pool] Adding worker with key api, total=1"}}
[debug] [2020-09-20T08:30:35.074Z] [worker-pool] submitWork(triggerId=api) {"metadata":{"emulator":{"name":"functions"},"message":"[worker-pool] submitWork(triggerId=api)"}}
[debug] [2020-09-20T08:30:35.074Z] [worker-api-4d001c31-69b1-47ee-bab9-36319a602f39]: Assigning socketPath: \\?\pipe\E:\REACT\Amazon Cloninng Project\amazon-clone\functions\10916 {"metadata":{"emulator":{"name":"functions"},"message":"[worker-api-4d001c31-69b1-47ee-bab9-36319a602f39]: Assigning socketPath: \\\\?\\pipe\\E:\\REACT\\Amazon Cloninng Project\\amazon-clone\\functions\\10916"}}
[debug] [2020-09-20T08:30:35.074Z] [worker-api-4d001c31-69b1-47ee-bab9-36319a602f39]: BUSY {"metadata":{"emulator":{"name":"functions"},"message":"[worker-api-4d001c31-69b1-47ee-bab9-36319a602f39]: BUSY"}}
[debug] [2020-09-20T08:30:37.278Z] [runtime-status] [10916] Functions runtime initialized. {"cwd":"E:\\REACT\\Amazon Cloninng Project\\amazon-clone\\functions","node_version":"12.18.3"} {"metadata":{"emulator":{"name":"functions"},"function":{"name":"api"},"message":"[runtime-status] [10916] Functions runtime initialized. {\"cwd\":\"E:\\\\REACT\\\\Amazon Cloninng Project\\\\amazon-clone\\\\functions\",\"node_version\":\"12.18.3\"}"}}
[debug] [2020-09-20T08:30:37.294Z] [runtime-status] [10916] Disabled runtime features: undefined {"metadata":{"emulator":{"name":"functions"},"function":{"name":"api"},"message":"[runtime-status] [10916] Disabled runtime features: undefined"}}
[debug] [2020-09-20T08:30:37.306Z] [runtime-status] [10916] Resolved module firebase-admin {"declared":true,"installed":true,"version":"8.13.0","resolution":"E:\\REACT\\Amazon Cloninng Project\\amazon-clone\\functions\\node_modules\\firebase-admin\\lib\\index.js"} {"metadata":{"emulator":{"name":"functions"},"function":{"name":"api"},"message":"[runtime-status] [10916] Resolved module firebase-admin {\"declared\":true,\"installed\":true,\"version\":\"8.13.0\",\"resolution\":\"E:\\\\REACT\\\\Amazon Cloninng Project\\\\amazon-clone\\\\functions\\\\node_modules\\\\firebase-admin\\\\lib\\\\index.js\"}"}}
[debug] [2020-09-20T08:30:37.314Z] [runtime-status] [10916] Resolved module firebase-functions {"declared":true,"installed":true,"version":"3.11.0","resolution":"E:\\REACT\\Amazon Cloninng Project\\amazon-clone\\functions\\node_modules\\firebase-functions\\lib\\index.js"} {"metadata":{"emulator":{"name":"functions"},"function":{"name":"api"},"message":"[runtime-status] [10916] Resolved module firebase-functions {\"declared\":true,\"installed\":true,\"version\":\"3.11.0\",\"resolution\":\"E:\\\\REACT\\\\Amazon Cloninng Project\\\\amazon-clone\\\\functions\\\\node_modules\\\\firebase-functions\\\\lib\\\\index.js\"}"}}
[debug] [2020-09-20T08:30:37.318Z] [runtime-status] [10916] Resolved module firebase-functions {"declared":true,"installed":true,"version":"3.11.0","resolution":"E:\\REACT\\Amazon Cloninng Project\\amazon-clone\\functions\\node_modules\\firebase-functions\\lib\\index.js"} {"metadata":{"emulator":{"name":"functions"},"function":{"name":"api"},"message":"[runtime-status] [10916] Resolved module firebase-functions {\"declared\":true,\"installed\":true,\"version\":\"3.11.0\",\"resolution\":\"E:\\\\REACT\\\\Amazon Cloninng Project\\\\amazon-clone\\\\functions\\\\node_modules\\\\firebase-functions\\\\lib\\\\index.js\"}"}}
[debug] [2020-09-20T08:30:37.323Z] [runtime-status] [10916] Outgoing network have been stubbed. [{"name":"http","status":"mocked"},{"name":"http","status":"mocked"},{"name":"https","status":"mocked"},{"name":"https","status":"mocked"},{"name":"net","status":"mocked"}] {"metadata":{"emulator":{"name":"functions"},"function":{"name":"api"},"message":"[runtime-status] [10916] Outgoing network have been stubbed. [{\"name\":\"http\",\"status\":\"mocked\"},{\"name\":\"http\",\"status\":\"mocked\"},{\"name\":\"https\",\"status\":\"mocked\"},{\"name\":\"https\",\"status\":\"mocked\"},{\"name\":\"net\",\"status\":\"mocked\"}]"}}
[debug] [2020-09-20T08:30:37.325Z] [runtime-status] [10916] Resolved module firebase-functions {"declared":true,"installed":true,"version":"3.11.0","resolution":"E:\\REACT\\Amazon Cloninng Project\\amazon-clone\\functions\\node_modules\\firebase-functions\\lib\\index.js"} {"metadata":{"emulator":{"name":"functions"},"function":{"name":"api"},"message":"[runtime-status] [10916] Resolved module firebase-functions {\"declared\":true,\"installed\":true,\"version\":\"3.11.0\",\"resolution\":\"E:\\\\REACT\\\\Amazon Cloninng Project\\\\amazon-clone\\\\functions\\\\node_modules\\\\firebase-functions\\\\lib\\\\index.js\"}"}}
[debug] [2020-09-20T08:30:37.395Z] [runtime-status] [10916] Checked functions.config() {"config":{}} {"metadata":{"emulator":{"name":"functions"},"function":{"name":"api"},"message":"[runtime-status] [10916] Checked functions.config() {\"config\":{}}"}}
[debug] [2020-09-20T08:30:37.395Z] [runtime-status] [10916] firebase-functions has been stubbed. {"functionsResolution":{"declared":true,"installed":true,"version":"3.11.0","resolution":"E:\\REACT\\Amazon Cloninng Project\\amazon-clone\\functions\\node_modules\\firebase-functions\\lib\\index.js"}} {"metadata":{"emulator":{"name":"functions"},"function":{"name":"api"},"message":"[runtime-status] [10916] firebase-functions has been stubbed. {\"functionsResolution\":{\"declared\":true,\"installed\":true,\"version\":\"3.11.0\",\"resolution\":\"E:\\\\REACT\\\\Amazon Cloninng Project\\\\amazon-clone\\\\functions\\\\node_modules\\\\firebase-functions\\\\lib\\\\index.js\"}}"}}
[debug] [2020-09-20T08:30:37.396Z] [runtime-status] [10916] Resolved module firebase-functions {"declared":true,"installed":true,"version":"3.11.0","resolution":"E:\\REACT\\Amazon Cloninng Project\\amazon-clone\\functions\\node_modules\\firebase-functions\\lib\\index.js"} {"metadata":{"emulator":{"name":"functions"},"function":{"name":"api"},"message":"[runtime-status] [10916] Resolved module firebase-functions {\"declared\":true,\"installed\":true,\"version\":\"3.11.0\",\"resolution\":\"E:\\\\REACT\\\\Amazon Cloninng Project\\\\amazon-clone\\\\functions\\\\node_modules\\\\firebase-functions\\\\lib\\\\index.js\"}"}}
[debug] [2020-09-20T08:30:37.398Z] [runtime-status] [10916] Resolved module firebase-admin {"declared":true,"installed":true,"version":"8.13.0","resolution":"E:\\REACT\\Amazon Cloninng Project\\amazon-clone\\functions\\node_modules\\firebase-admin\\lib\\index.js"} {"metadata":{"emulator":{"name":"functions"},"function":{"name":"api"},"message":"[runtime-status] [10916] Resolved module firebase-admin {\"declared\":true,\"installed\":true,\"version\":\"8.13.0\",\"resolution\":\"E:\\\\REACT\\\\Amazon Cloninng Project\\\\amazon-clone\\\\functions\\\\node_modules\\\\firebase-admin\\\\lib\\\\index.js\"}"}}
[debug] [2020-09-20T08:30:37.398Z] [runtime-status] [10916] Resolved module firebase-functions {"declared":true,"installed":true,"version":"3.11.0","resolution":"E:\\REACT\\Amazon Cloninng Project\\amazon-clone\\functions\\node_modules\\firebase-functions\\lib\\index.js"} {"metadata":{"emulator":{"name":"functions"},"function":{"name":"api"},"message":"[runtime-status] [10916] Resolved module firebase-functions {\"declared\":true,\"installed\":true,\"version\":\"3.11.0\",\"resolution\":\"E:\\\\REACT\\\\Amazon Cloninng Project\\\\amazon-clone\\\\functions\\\\node_modules\\\\firebase-functions\\\\lib\\\\index.js\"}"}}
[debug] [2020-09-20T08:30:37.399Z] [runtime-status] [10916] firebase-admin has been stubbed. {"adminResolution":{"declared":true,"installed":true,"version":"8.13.0","resolution":"E:\\REACT\\Amazon Cloninng Project\\amazon-clone\\functions\\node_modules\\firebase-admin\\lib\\index.js"}} {"metadata":{"emulator":{"name":"functions"},"function":{"name":"api"},"message":"[runtime-status] [10916] firebase-admin has been stubbed. {\"adminResolution\":{\"declared\":true,\"installed\":true,\"version\":\"8.13.0\",\"resolution\":\"E:\\\\REACT\\\\Amazon Cloninng Project\\\\amazon-clone\\\\functions\\\\node_modules\\\\firebase-admin\\\\lib\\\\index.js\"}}"}}
[debug] [2020-09-20T08:30:37.787Z] [runtime-status] [10916] Trigger "api" has been found, beginning invocation! {"metadata":{"emulator":{"name":"functions"},"function":{"name":"api"},"message":"[runtime-status] [10916] Trigger \"api\" has been found, beginning invocation!"}}
[info] i  functions: Beginning execution of "api" {"metadata":{"emulator":{"name":"functions"},"function":{"name":"api"},"message":"Beginning execution of \"api\""}}
[debug] [2020-09-20T08:30:37.789Z] [runtime-status] [10916] triggerDefinition {"httpsTrigger":{},"name":"api","entryPoint":"api"} {"metadata":{"emulator":{"name":"functions"},"function":{"name":"api"},"message":"[runtime-status] [10916] triggerDefinition {\"httpsTrigger\":{},\"name\":\"api\",\"entryPoint\":\"api\"}"}}
[debug] [2020-09-20T08:30:37.790Z] [runtime-status] [10916] Running api in mode HTTPS {"metadata":{"emulator":{"name":"functions"},"function":{"name":"api"},"message":"[runtime-status] [10916] Running api in mode HTTPS"}}
[debug] [2020-09-20T08:30:37.796Z] [runtime-status] [10916] Attempting to listen to socketPath: \\?\pipe\E:\REACT\Amazon Cloninng Project\amazon-clone\functions\10916 {"metadata":{"emulator":{"name":"functions"},"function":{"name":"api"},"message":"[runtime-status] [10916] Attempting to listen to socketPath: \\\\?\\pipe\\E:\\REACT\\Amazon Cloninng Project\\amazon-clone\\functions\\10916"}}
[debug] [2020-09-20T08:30:37.799Z] [functions] Runtime ready! Sending request! {"metadata":{"emulator":{"name":"functions"},"message":"[functions] Runtime ready! Sending request!"}}
[debug] [2020-09-20T08:30:37.810Z] [runtime-status] [10916] Ephemeral server handling POST request {"metadata":{"emulator":{"name":"functions"},"function":{"name":"api"},"message":"[runtime-status] [10916] Ephemeral server handling POST request"}}
[info] >  Payment Request Received BOOM !!! for this amount >>>  1199 {"user":"Payment Request Received BOOM !!! for this amount >>>  1199","metadata":{"emulator":{"name":"functions"},"function":{"name":"api"},"message":"\u001b[90m> \u001b[39m Payment Request Received BOOM !!! for this amount >>>  1199"}}
[debug] [2020-09-20T08:30:37.835Z] [runtime-status] [10916] Ephemeral server survived. {"metadata":{"emulator":{"name":"functions"},"function":{"name":"api"},"message":"[runtime-status] [10916] Ephemeral server survived."}}
[info] i  functions: Finished "api" in ~1s {"metadata":{"emulator":{"name":"functions"},"function":{"name":"api"},"message":"Finished \"api\" in ~1s"}}
[debug] [2020-09-20T08:30:39.246Z] [worker-api-4d001c31-69b1-47ee-bab9-36319a602f39]: IDLE {"metadata":{"emulator":{"name":"functions"},"message":"[worker-api-4d001c31-69b1-47ee-bab9-36319a602f39]: IDLE"}}
[debug] [2020-09-20T08:30:39.247Z] [work-queue] {"queueLength":0,"workRunningCount":0}
[debug] [2020-09-20T08:30:47.347Z] [work-queue] {"queueLength":1,"workRunningCount":0}
[debug] [2020-09-20T08:30:47.347Z] [work-queue] {"queueLength":0,"workRunningCount":1}
[debug] [2020-09-20T08:30:47.347Z] Accepted request POST /fir-b5c03/us-central1/api/payments/create?total=0 --> api
[debug] [2020-09-20T08:30:47.348Z] [worker-pool] submitWork(triggerId=api) {"metadata":{"emulator":{"name":"functions"},"message":"[worker-pool] submitWork(triggerId=api)"}}
[debug] [2020-09-20T08:30:47.348Z] [worker-api-4d001c31-69b1-47ee-bab9-36319a602f39]: Assigning socketPath: \\?\pipe\E:\REACT\Amazon Cloninng Project\amazon-clone\functions\10916 {"metadata":{"emulator":{"name":"functions"},"message":"[worker-api-4d001c31-69b1-47ee-bab9-36319a602f39]: Assigning socketPath: \\\\?\\pipe\\E:\\REACT\\Amazon Cloninng Project\\amazon-clone\\functions\\10916"}}
[debug] [2020-09-20T08:30:47.348Z] [worker-api-4d001c31-69b1-47ee-bab9-36319a602f39]: BUSY {"metadata":{"emulator":{"name":"functions"},"message":"[worker-api-4d001c31-69b1-47ee-bab9-36319a602f39]: BUSY"}}
[debug] [2020-09-20T08:30:47.349Z] [runtime-status] [10916] Trigger "api" has been found, beginning invocation! {"metadata":{"emulator":{"name":"functions"},"function":{"name":"api"},"message":"[runtime-status] [10916] Trigger \"api\" has been found, beginning invocation!"}}
[info] i  functions: Beginning execution of "api" {"metadata":{"emulator":{"name":"functions"},"function":{"name":"api"},"message":"Beginning execution of \"api\""}}
[debug] [2020-09-20T08:30:47.351Z] [runtime-status] [10916] triggerDefinition {"httpsTrigger":{},"name":"api","entryPoint":"api"} {"metadata":{"emulator":{"name":"functions"},"function":{"name":"api"},"message":"[runtime-status] [10916] triggerDefinition {\"httpsTrigger\":{},\"name\":\"api\",\"entryPoint\":\"api\"}"}}
[debug] [2020-09-20T08:30:47.352Z] [runtime-status] [10916] Running api in mode HTTPS {"metadata":{"emulator":{"name":"functions"},"function":{"name":"api"},"message":"[runtime-status] [10916] Running api in mode HTTPS"}}
[debug] [2020-09-20T08:30:47.352Z] [runtime-status] [10916] Attempting to listen to socketPath: \\?\pipe\E:\REACT\Amazon Cloninng Project\amazon-clone\functions\10916 {"metadata":{"emulator":{"name":"functions"},"function":{"name":"api"},"message":"[runtime-status] [10916] Attempting to listen to socketPath: \\\\?\\pipe\\E:\\REACT\\Amazon Cloninng Project\\amazon-clone\\functions\\10916"}}
[debug] [2020-09-20T08:30:47.355Z] [functions] Runtime ready! Sending request! {"metadata":{"emulator":{"name":"functions"},"message":"[functions] Runtime ready! Sending request!"}}
[debug] [2020-09-20T08:30:47.360Z] [runtime-status] [10916] Ephemeral server handling POST request {"metadata":{"emulator":{"name":"functions"},"function":{"name":"api"},"message":"[runtime-status] [10916] Ephemeral server handling POST request"}}
[info] >  Payment Request Received BOOM !!! for this amount >>>  0 {"user":"Payment Request Received BOOM !!! for this amount >>>  0","metadata":{"emulator":{"name":"functions"},"function":{"name":"api"},"message":"\u001b[90m> \u001b[39m Payment Request Received BOOM !!! for this amount >>>  0"}}
[debug] [2020-09-20T08:30:47.363Z] [runtime-status] [10916] Ephemeral server survived. {"metadata":{"emulator":{"name":"functions"},"function":{"name":"api"},"message":"[runtime-status] [10916] Ephemeral server survived."}}
[info] >  (node:10916) UnhandledPromiseRejectionWarning: Error: This value must be greater than or equal to 1. {"user":"(node:10916) UnhandledPromiseRejectionWarning: Error: This value must be greater than or equal to 1.","metadata":{"emulator":{"name":"functions"},"function":{"name":"api"},"message":"\u001b[90m> \u001b[39m (node:10916) UnhandledPromiseRejectionWarning: Error: This value must be greater than or equal to 1."}}
[info] >      at Function.generate (E:\REACT\Amazon Cloninng Project\amazon-clone\functions\node_modules\stripe\lib\Error.js:39:16) {"user":"    at Function.generate (E:\\REACT\\Amazon Cloninng Project\\amazon-clone\\functions\\node_modules\\stripe\\lib\\Error.js:39:16)","metadata":{"emulator":{"name":"functions"},"function":{"name":"api"},"message":"\u001b[90m> \u001b[39m     at Function.generate (E:\\REACT\\Amazon Cloninng Project\\amazon-clone\\functions\\node_modules\\stripe\\lib\\Error.js:39:16)"}}
[info] >      at IncomingMessage.<anonymous> (E:\REACT\Amazon Cloninng Project\amazon-clone\functions\node_modules\stripe\lib\StripeResource.js:190:33) {"user":"    at IncomingMessage.<anonymous> (E:\\REACT\\Amazon Cloninng Project\\amazon-clone\\functions\\node_modules\\stripe\\lib\\StripeResource.js:190:33)","metadata":{"emulator":{"name":"functions"},"function":{"name":"api"},"message":"\u001b[90m> \u001b[39m     at IncomingMessage.<anonymous> (E:\\REACT\\Amazon Cloninng Project\\amazon-clone\\functions\\node_modules\\stripe\\lib\\StripeResource.js:190:33)"}}
[info] >      at Object.onceWrapper (events.js:421:28) {"user":"    at Object.onceWrapper (events.js:421:28)","metadata":{"emulator":{"name":"functions"},"function":{"name":"api"},"message":"\u001b[90m> \u001b[39m     at Object.onceWrapper (events.js:421:28)"}}
[info] >      at IncomingMessage.emit (events.js:327:22) {"user":"    at IncomingMessage.emit (events.js:327:22)","metadata":{"emulator":{"name":"functions"},"function":{"name":"api"},"message":"\u001b[90m> \u001b[39m     at IncomingMessage.emit (events.js:327:22)"}}
[info] >      at endReadableNT (_stream_readable.js:1220:12) {"user":"    at endReadableNT (_stream_readable.js:1220:12)","metadata":{"emulator":{"name":"functions"},"function":{"name":"api"},"message":"\u001b[90m> \u001b[39m     at endReadableNT (_stream_readable.js:1220:12)"}}
[info] >      at processTicksAndRejections (internal/process/task_queues.js:84:21) {"user":"    at processTicksAndRejections (internal/process/task_queues.js:84:21)","metadata":{"emulator":{"name":"functions"},"function":{"name":"api"},"message":"\u001b[90m> \u001b[39m     at processTicksAndRejections (internal/process/task_queues.js:84:21)"}}
[info] >  (node:10916) UnhandledPromiseRejectionWarning: Unhandled promise rejection. This error originated either by throwing inside of an async function without a catch block, or by rejecting a promise which was not handled with .catch(). To terminate the node process on unhandled promise rejection, use the CLI flag `--unhandled-rejections=strict` (see https://nodejs.org/api/cli.html#cli_unhandled_rejections_mode). (rejection id: 1) {"user":"(node:10916) UnhandledPromiseRejectionWarning: Unhandled promise rejection. This error originated either by throwing inside of an async function without a catch block, or by rejecting a promise which was not handled with .catch(). To terminate the node process on unhandled promise rejection, use the CLI flag `--unhandled-rejections=strict` (see https://nodejs.org/api/cli.html#cli_unhandled_rejections_mode). (rejection id: 1)","metadata":{"emulator":{"name":"functions"},"function":{"name":"api"},"message":"\u001b[90m> \u001b[39m (node:10916) UnhandledPromiseRejectionWarning: Unhandled promise rejection. This error originated either by throwing inside of an async function without a catch block, or by rejecting a promise which was not handled with .catch(). To terminate the node process on unhandled promise rejection, use the CLI flag `--unhandled-rejections=strict` (see https://nodejs.org/api/cli.html#cli_unhandled_rejections_mode). (rejection id: 1)"}}
[info] >  (node:10916) [DEP0018] DeprecationWarning: Unhandled promise rejections are deprecated. In the future, promise rejections that are not handled will terminate the Node.js process with a non-zero exit code. {"user":"(node:10916) [DEP0018] DeprecationWarning: Unhandled promise rejections are deprecated. In the future, promise rejections that are not handled will terminate the Node.js process with a non-zero exit code.","metadata":{"emulator":{"name":"functions"},"function":{"name":"api"},"message":"\u001b[90m> \u001b[39m (node:10916) [DEP0018] DeprecationWarning: Unhandled promise rejections are deprecated. In the future, promise rejections that are not handled will terminate the Node.js process with a non-zero exit code."}}
[warn] !  functions: Your function timed out after ~60s. To configure this timeout, see
      https://firebase.google.com/docs/functions/manage-functions#set_timeout_and_memory_allocation. {"metadata":{"emulator":{"name":"functions"},"function":{"name":"api"},"message":"Your function timed out after ~60s. To configure this timeout, see\n      https://firebase.google.com/docs/functions/manage-functions#set_timeout_and_memory_allocation."}}
[info] >  C:\Users\Muhammad Tariq\AppData\Roaming\npm\node_modules\firebase-tools\lib\emulator\functionsEmulatorRuntime.js:642 {"user":"C:\\Users\\Muhammad Tariq\\AppData\\Roaming\\npm\\node_modules\\firebase-tools\\lib\\emulator\\functionsEmulatorRuntime.js:642\r","metadata":{"emulator":{"name":"functions"},"function":{"name":"api"},"message":"\u001b[90m> \u001b[39m C:\\Users\\Muhammad Tariq\\AppData\\Roaming\\npm\\node_modules\\firebase-tools\\lib\\emulator\\functionsEmulatorRuntime.js:642\r"}}
[info] >                  throw new Error("Function timed out."); {"user":"                throw new Error(\"Function timed out.\");\r","metadata":{"emulator":{"name":"functions"},"function":{"name":"api"},"message":"\u001b[90m> \u001b[39m                 throw new Error(\"Function timed out.\");\r"}}
[info] >                  ^ {"user":"                ^\r","metadata":{"emulator":{"name":"functions"},"function":{"name":"api"},"message":"\u001b[90m> \u001b[39m                 ^\r"}}
[info] >   {"user":"\r","metadata":{"emulator":{"name":"functions"},"function":{"name":"api"},"message":"\u001b[90m> \u001b[39m \r"}}
[info] >  Error: Function timed out. {"user":"Error: Function timed out.\r","metadata":{"emulator":{"name":"functions"},"function":{"name":"api"},"message":"\u001b[90m> \u001b[39m Error: Function timed out.\r"}}
[info] >      at Timeout._onTimeout (C:\Users\Muhammad Tariq\AppData\Roaming\npm\node_modules\firebase-tools\lib\emulator\functionsEmulatorRuntime.js:642:23) {"user":"    at Timeout._onTimeout (C:\\Users\\Muhammad Tariq\\AppData\\Roaming\\npm\\node_modules\\firebase-tools\\lib\\emulator\\functionsEmulatorRuntime.js:642:23)\r","metadata":{"emulator":{"name":"functions"},"function":{"name":"api"},"message":"\u001b[90m> \u001b[39m     at Timeout._onTimeout (C:\\Users\\Muhammad Tariq\\AppData\\Roaming\\npm\\node_modules\\firebase-tools\\lib\\emulator\\functionsEmulatorRuntime.js:642:23)\r"}}
[info] >      at listOnTimeout (internal/timers.js:549:17) {"user":"    at listOnTimeout (internal/timers.js:549:17)\r","metadata":{"emulator":{"name":"functions"},"function":{"name":"api"},"message":"\u001b[90m> \u001b[39m     at listOnTimeout (internal/timers.js:549:17)\r"}}
[info] >      at processTimers (internal/timers.js:492:7) {"user":"    at processTimers (internal/timers.js:492:7)\r","metadata":{"emulator":{"name":"functions"},"function":{"name":"api"},"message":"\u001b[90m> \u001b[39m     at processTimers (internal/timers.js:492:7)\r"}}
[debug] [2020-09-20T08:31:47.526Z] [worker-api-4d001c31-69b1-47ee-bab9-36319a602f39]: exited {"metadata":{"emulator":{"name":"functions"},"message":"[worker-api-4d001c31-69b1-47ee-bab9-36319a602f39]: exited"}}
[debug] [2020-09-20T08:31:47.527Z] [worker-api-4d001c31-69b1-47ee-bab9-36319a602f39]: FINISHED {"metadata":{"emulator":{"name":"functions"},"message":"[worker-api-4d001c31-69b1-47ee-bab9-36319a602f39]: FINISHED"}}
[debug] [2020-09-20T08:31:47.532Z] [work-queue] {"queueLength":0,"workRunningCount":0}
